<?xml version="1.0" encoding="UTF-8"?>
<!-- Generated by org.testng.reporters.JUnitReportReporter -->
<testsuite hostname="DESKTOP-R253MJV" failures="0" tests="1" name="TestCases.Group1Test" time="24.223" errors="0" timestamp="2022-11-15T22:42:51 IST" skipped="0">
  <testcase classname="TestCases.Group1Test" name="loginToApp1Test" time="24.223"/>
  <system-out/>
</testsuite> <!-- TestCases.Group1Test -->
