<?xml version="1.0" encoding="UTF-8"?>
<!-- Generated by org.testng.reporters.JUnitReportReporter -->
<testsuite hostname="DESKTOP-R253MJV" failures="0" tests="6" name="TestCases.InventoryPageTest" time="67.812" errors="0" timestamp="2022-11-05T22:48:34 IST" skipped="0">
  <testcase classname="TestCases.InventoryPageTest" name="add6ProductTest" time="9.360"/>
  <system-out/>
  <testcase classname="TestCases.InventoryPageTest" name="smallLogoTest" time="24.910"/>
  <system-out/>
  <testcase classname="TestCases.InventoryPageTest" name="varifyLinkedinLogoTest" time="7.537"/>
  <system-out/>
  <testcase classname="TestCases.InventoryPageTest" name="varifybigLogo" time="6.723"/>
  <system-out/>
  <testcase classname="TestCases.InventoryPageTest" name="varifyTwitterLogoTest" time="9.141"/>
  <system-out/>
  <testcase classname="TestCases.InventoryPageTest" name="varifyFacebookLogoTest" time="10.141"/>
  <system-out/>
</testsuite> <!-- TestCases.InventoryPageTest -->
