<?xml version="1.0" encoding="UTF-8"?>
<!-- Generated by org.testng.reporters.JUnitReportReporter -->
<testsuite hostname="DESKTOP-R253MJV" failures="0" tests="6" name="TestCases.LoginPageTest" time="92.729" errors="0" timestamp="2022-11-05T22:48:34 IST" skipped="0">
  <testcase classname="TestCases.LoginPageTest" name="loginToApp2Test" time="7.362"/>
  <system-out/>
  <testcase classname="TestCases.LoginPageTest" name="varifyTitleTest" time="23.276"/>
  <system-out/>
  <testcase classname="TestCases.LoginPageTest" name="VarifyUrlTest" time="6.049"/>
  <system-out/>
  <testcase classname="TestCases.LoginPageTest" name="loginToApp1Test" time="6.139"/>
  <system-out/>
  <testcase classname="TestCases.LoginPageTest" name="varifybotlogoTest" time="23.868"/>
  <system-out/>
  <testcase classname="TestCases.LoginPageTest" name="varifySwagLabLogoTest" time="26.035"/>
  <system-out/>
</testsuite> <!-- TestCases.LoginPageTest -->
