<?xml version="1.0" encoding="UTF-8"?>
<!-- Generated by org.testng.reporters.JUnitReportReporter -->
<testsuite hostname="DESKTOP-R253MJV" failures="0" tests="1" name="TestCases.CartPageTest" time="10.182" errors="0" timestamp="2022-10-13T17:11:15 IST" skipped="0">
  <testcase classname="TestCases.CartPageTest" name="varifyyourCartLebleTest" time="10.182"/>
  <system-out/>
</testsuite> <!-- TestCases.CartPageTest -->
